/bin/sh: line 1: protonvpn-app: command not found
polybar|notice:  Parsing config file: /home/brett/.config/polybar/config.ini
polybar|error: Uncaught exception, shutting down: /home/brett/.config/polybar/config.ini:131: Duplicate key name "type" defined in section "module/i3"
polybar|notice:  Parsing config file: /home/brett/.config/polybar/config.ini
polybar|error: Uncaught exception, shutting down: /home/brett/.config/polybar/config.ini:131: Duplicate key name "type" defined in section "module/i3"
blueman-applet 13.49.38 WARNING  PluginManager:150 __load_plugin: Not loading PPPSupport because its conflict has higher priority
blueman-applet 13.49.38 WARNING  PluginManager:150 __load_plugin: Not loading DhcpClient because its conflict has higher priority
[926:926:1128/134938.740099:ERROR:object_proxy.cc(576)] Failed to call method: org.freedesktop.DBus.Properties.Get: object_path= /org/freedesktop/secrets/collection/login: org.freedesktop.DBus.Error.UnknownMethod: Object does not exist at path “/org/freedesktop/secrets/collection/login”
[926:926:1128/134938.741993:ERROR:libsecret_util_linux.cc(99)] Not using libsecret to avoid deadlock.  Please restart gnome-keyring-daemon or reboot.  The next time you launch, any keys stored in the plaintext backend will be migrated to the libsecret backend.
[926:926:1128/134938.744398:ERROR:object_proxy.cc(576)] Failed to call method: org.kde.KWallet.isEnabled: object_path= /modules/kwalletd6: org.freedesktop.DBus.Error.ServiceUnknown: The name is not activatable
[926:926:1128/134938.744930:ERROR:kwallet_dbus.cc(117)] Error contacting kwalletd6 (isEnabled)
[926:926:1128/134938.745321:ERROR:object_proxy.cc(576)] Failed to call method: org.kde.KLauncher.start_service_by_desktop_name: object_path= /KLauncher: org.freedesktop.DBus.Error.ServiceUnknown: The name is not activatable
[926:926:1128/134938.745337:ERROR:kwallet_dbus.cc(86)] Error contacting klauncher to start kwalletd6
[926:926:1128/134938.745630:ERROR:object_proxy.cc(576)] Failed to call method: org.kde.KWallet.close: object_path= /modules/kwalletd6: org.freedesktop.DBus.Error.ServiceUnknown: The name is not activatable
[926:926:1128/134938.745642:ERROR:kwallet_dbus.cc(412)] Error contacting kwalletd6 (close)
[926:926:1128/134938.748712:ERROR:object_proxy.cc(576)] Failed to call method: org.kde.KWallet.isEnabled: object_path= /modules/kwalletd5: org.freedesktop.DBus.Error.ServiceUnknown: The name is not activatable
[926:926:1128/134938.748806:ERROR:kwallet_dbus.cc(117)] Error contacting kwalletd5 (isEnabled)
[926:926:1128/134938.749024:ERROR:object_proxy.cc(576)] Failed to call method: org.kde.KLauncher.start_service_by_desktop_name: object_path= /KLauncher: org.freedesktop.DBus.Error.ServiceUnknown: The name is not activatable
[926:926:1128/134938.749038:ERROR:kwallet_dbus.cc(86)] Error contacting klauncher to start kwalletd5
[926:926:1128/134938.749291:ERROR:object_proxy.cc(576)] Failed to call method: org.kde.KWallet.close: object_path= /modules/kwalletd5: org.freedesktop.DBus.Error.ServiceUnknown: The name is not activatable
[926:926:1128/134938.749304:ERROR:kwallet_dbus.cc(412)] Error contacting kwalletd5 (close)
[926:926:1128/134938.751510:ERROR:object_proxy.cc(576)] Failed to call method: org.kde.KWallet.isEnabled: object_path= /modules/kwalletd: org.freedesktop.DBus.Error.ServiceUnknown: The name is not activatable
[926:926:1128/134938.751537:ERROR:kwallet_dbus.cc(117)] Error contacting kwalletd (isEnabled)
[926:926:1128/134938.751766:ERROR:object_proxy.cc(576)] Failed to call method: org.kde.KLauncher.start_service_by_desktop_name: object_path= /KLauncher: org.freedesktop.DBus.Error.ServiceUnknown: The name is not activatable
[926:926:1128/134938.751779:ERROR:kwallet_dbus.cc(86)] Error contacting klauncher to start kwalletd
[926:926:1128/134938.752106:ERROR:object_proxy.cc(576)] Failed to call method: org.kde.KWallet.close: object_path= /modules/kwalletd: org.freedesktop.DBus.Error.ServiceUnknown: The name is not activatable
[926:926:1128/134938.752119:ERROR:kwallet_dbus.cc(412)] Error contacting kwalletd (close)
[926:926:1128/134939.703942:ERROR:profile_attributes_storage.cc(1021)] Failed to PNG encode the image.
[926:926:1128/134939.704029:ERROR:profile_attributes_storage.cc(1021)] Failed to PNG encode the image.
[926:926:1128/134939.704060:ERROR:profile_attributes_storage.cc(1021)] Failed to PNG encode the image.
[926:926:1128/134939.782334:ERROR:object_proxy.cc(576)] Failed to call method: org.freedesktop.portal.Secret.RetrieveSecret: object_path= /org/freedesktop/portal/desktop: org.freedesktop.DBus.Error.UnknownMethod: No such interface “org.freedesktop.portal.Secret” on object at path /org/freedesktop/portal/desktop
[926:926:1128/134939.782363:ERROR:secret_portal_key_provider.cc(150)] Failed to retrieve secret: No response from portal.
[926:926:1128/134949.540936:ERROR:sharing_service.cc(296)] Device registration failed with fatal error
** Message: 13:50:08.625: updates_checker.vala:59: check updates

(xfce4-terminal:1525): xfce4-terminal-WARNING **: 13:50:36.876: Failed to connect to session manager: Failed to connect to the session manager: SESSION_MANAGER environment variable not defined
** Message: 13:51:28.330: updates_checker.vala:59: check updates
** Message: 13:51:49.553: updates_checker.vala:59: check updates

(pamac-tray:938): Gdk-CRITICAL **: 13:56:19.336: gdk_window_thaw_toplevel_updates: assertion 'window->update_and_descendants_freeze_count > 0' failed
