[2024-11-29 20:09:05,478]: Request { method: POST, url: Url { scheme: "https", cannot_be_a_base: false, username: "", password: None, host: Some(Domain("app.warp.dev")), port: None, path: "/graphql", query: None, fragment: None }, headers: {"x-warp-client-version": "v0.2024.11.19.08.02.stable_03", "x-warp-os-category": "Linux", "x-warp-os-name": "ArcoLinux", "x-warp-os-version": "rolling", "x-warp-os-linux-kernel-version": "6.12.1-arch1-1", "content-type": "application/json", "authorization": Sensitive} }
Body {
  "variables": {
    "input": {
      "folder": [
        {
          "actions_ts": null,
          "metadata_ts": "2024-11-12T13:40:54.985067Z",
          "objectId": "03FUpugLUf2ojoHBcQK4V2",
          "objectUid": "03FUpugLUf2ojoHBcQK4V2",
          "permissions_ts": "2024-11-12T13:40:54.985067Z",
          "revision": {
            "revisionTs": "2024-11-12T13:40:54.985067Z"
          }
        }
      ],
      "forceRefresh": false,
      "genericStringObject": [],
      "notebook": [
        {
          "actions_ts": null,
          "metadata_ts": "2024-11-12T13:40:55.081581Z",
          "objectId": "PSsNeiVRzRwAj0bUvNGWEn",
          "objectUid": "PSsNeiVRzRwAj0bUvNGWEn",
          "permissions_ts": "2024-11-12T13:40:55.081581Z",
          "revision": {
            "revisionTs": "2024-11-12T13:40:55.081581Z"
          }
        }
      ],
      "workflow": [
        {
          "actions_ts": null,
          "metadata_ts": "2024-11-12T13:40:55.059754Z",
          "objectId": "hgBi2dG9QOSpNwA6k7plHZ",
          "objectUid": "hgBi2dG9QOSpNwA6k7plHZ",
          "permissions_ts": "2024-11-12T13:40:55.059754Z",
          "revision": {
            "revisionTs": "2024-11-12T13:40:55.059754Z"
          }
        },
        {
          "actions_ts": null,
          "metadata_ts": "2024-11-12T13:40:55.073204Z",
          "objectId": "oQ7TyFCpmw2GrOGeWnA33h",
          "objectUid": "oQ7TyFCpmw2GrOGeWnA33h",
          "permissions_ts": "2024-11-12T13:40:55.073204Z",
          "revision": {
            "revisionTs": "2024-11-12T13:40:55.073204Z"
          }
        },
        {
          "actions_ts": null,
          "metadata_ts": "2024-11-12T13:40:55.046472Z",
          "objectId": "25BOxsnVMwBSshctUWKxZC",
          "objectUid": "25BOxsnVMwBSshctUWKxZC",
          "permissions_ts": "2024-11-12T13:40:55.046472Z",
          "revision": {
            "revisionTs": "2024-11-12T13:40:55.046472Z"
          }
        },
        {
          "actions_ts": null,
          "metadata_ts": "2024-11-12T13:40:55.066778Z",
          "objectId": "DXZX9eAIhoPNgRkmxCJPLL",
          "objectUid": "DXZX9eAIhoPNgRkmxCJPLL",
          "permissions_ts": "2024-11-12T13:40:55.066778Z",
          "revision": {
            "revisionTs": "2024-11-12T13:40:55.066778Z"
          }
        }
      ]
    }
  },
  "query": "fragment MetadataFields on ObjectMetadata {\n  UID\n  currentEditor {\n    email\n  }\n  metadataLastUpdatedTs\n  lastEditedBy {\n    firebase_uid\n  }\n  revision {\n    revisionTs\n  }\n  trashedTs\n  folderUid\n  isWelcomeObject\n  creator {\n    firebase_uid\n  }\n}\n\nfragment PermissionsFields on ObjectPermissions {\n  space {\n    id\n    uid\n    type\n  }\n  guests {\n    subject {\n      __typename\n      ... on UserGuest {\n        firebaseUid\n      }\n      ... on PendingUserGuest {\n        email\n      }\n    }\n    accessLevel\n    source {\n      __typename\n      ... on FolderContainer {\n        folderUid\n      }\n      ... on Space {\n        id\n        uid\n        type\n      }\n    }\n  }\n  anyoneLinkSharing {\n    accessLevel\n    source {\n      __typename\n      ... on FolderContainer {\n        folderUid\n      }\n      ... on Space {\n        id\n        uid\n        type\n      }\n    }\n  }\n  permissionsLastUpdatedTs\n}\n\nquery GetUpdatedCloudObjects($input: GetUpdatedCloudObjectsInput!) {\n  getUpdatedCloudObjects(input: $input) {\n    notebooks {\n      titleName\n      data\n      metadata {\n        ...MetadataFields\n      }\n      permissions {\n        ...PermissionsFields\n      }\n    }\n    workflows {\n      data\n      metadata {\n        ...MetadataFields\n      }\n      permissions {\n        ...PermissionsFields\n      }\n    }\n    folders {\n      name\n      metadata {\n        ...MetadataFields\n      }\n      permissions {\n        ...PermissionsFields\n      }\n    }\n    genericStringObjects {\n      serializedModel\n      format\n      metadata {\n        ...MetadataFields\n      }\n      permissions {\n        ...PermissionsFields\n      }\n    }\n    deletedObjectIds {\n      notebooks\n      notebookUIDs\n      workflows\n      workflowUIDs\n      folderUIDs\n      genericStringObjectUIDs\n    }\n    userProfiles {\n      email\n      display_name\n      photo_url\n      firebase_uid\n    }\n    actionHistories {\n      uid\n      objectType\n      actions {\n        __typename\n        ... on SingleAction {\n          actionType\n          timestamp\n          processedAtTimestamp\n        }\n        ... on BundledActions {\n          actionType\n          count\n          oldestTimestamp\n          latestTimestamp\n          latestProcessedAtTimestamp\n        }\n      }\n      latestProcessedAtTimestamp\n    }\n  }\n}\n",
  "operationName": "GetUpdatedCloudObjects"
}
[2024-11-29 20:09:05,935]: Response { url: Url { scheme: "https", cannot_be_a_base: false, username: "", password: None, host: Some(Domain("app.warp.dev")), port: None, path: "/graphql", query: None, fragment: None }, status: 200, headers: {"content-type": "application/json", "set-cookie": "rl_anonymous_id=5df48074-f49b-4191-8357-81e21f9f41b0; Path=/; Domain=warp.dev; Max-Age=31536000", "x-frame-options": "DENY", "content-length": "279", "date": "Fri, 29 Nov 2024 13:09:05 GMT", "server": "Google Frontend", "x-cloud-trace-context": "7cdaa78f05d10e454e774d4616749422/1602974928258167315", "traceparent": "00-7cdaa78f05d10e454e774d4616749422-163ee9344eaf7213-00", "via": "1.1 google", "alt-svc": "h3=\":443\"; ma=2592000,h3-29=\":443\"; ma=2592000"} }
[2024-11-29 20:09:40,242]: Request { method: POST, url: Url { scheme: "https", cannot_be_a_base: false, username: "", password: None, host: Some(Domain("app.warp.dev")), port: None, path: "/graphql", query: None, fragment: None }, headers: {"x-warp-client-version": "v0.2024.11.19.08.02.stable_03", "x-warp-os-category": "Linux", "x-warp-os-name": "ArcoLinux", "x-warp-os-version": "rolling", "x-warp-os-linux-kernel-version": "6.12.1-arch1-1", "content-type": "application/json", "authorization": Sensitive} }
Body {
  "variables": null,
  "query": "query GetTeamsMetadataForUser {\n  user {\n    teams {\n      id\n      uid\n      name\n      creatorFirebaseUid\n      inviteCode {\n        code\n      }\n      members {\n        id\n        firebase_uid\n        email\n      }\n      pendingEmailInvites {\n        inviteeEmail\n        expired\n      }\n      inviteLinkDomainRestrictions {\n        uid\n        domain\n      }\n      isInviteLinkEnabled\n      isDiscoverable\n      billingMetadata {\n        customerType\n        delinquencyStatus\n        tier {\n          name\n          description\n          warpAiPolicy {\n            limit\n          }\n          teamSizePolicy {\n            isUnlimited\n            limit\n          }\n          sharedNotebooksPolicy {\n            isUnlimited\n            limit\n          }\n          sharedWorkflowsPolicy {\n            isUnlimited\n            limit\n          }\n          sessionSharingPolicy {\n            enabled\n            maxSessionBytesSize\n          }\n        }\n        serviceAgreements {\n          type\n          status\n          stripeSubscriptionId\n          currentPeriodEnd\n        }\n      }\n      stripeCustomerId\n      organizationSettings {\n        llmSettings {\n          enabled\n        }\n        telemetrySettings {\n          forceEnabled\n        }\n      }\n      isEligibleForDiscovery\n      hasBillingHistory\n    }\n    joinable_teams {\n      teamUid\n      numMembers\n      name\n      teamAcceptingInvites\n    }\n    is_eligible_for_reverse_team_trial\n    # We're temporarily piggy-backing off of the polled teams metadata\n    # query to also query experiment state.\n    experiments\n  }\n}\n",
  "operationName": "GetTeamsMetadataForUser"
}
[2024-11-29 20:09:40,502]: Response { url: Url { scheme: "https", cannot_be_a_base: false, username: "", password: None, host: Some(Domain("app.warp.dev")), port: None, path: "/graphql", query: None, fragment: None }, status: 200, headers: {"content-type": "application/json", "set-cookie": "rl_anonymous_id=3cb4d83e-e873-4855-8279-6912f32d24bf; Path=/; Domain=warp.dev; Max-Age=31536000", "x-frame-options": "DENY", "content-length": "161", "date": "Fri, 29 Nov 2024 13:09:40 GMT", "server": "Google Frontend", "traceparent": "00-7516c731d00ae43a0ec3eb51403f2af2-71762666820c2c20-00", "x-cloud-trace-context": "7516c731d00ae43a0ec3eb51403f2af2/8175764395248069664", "via": "1.1 google", "alt-svc": "h3=\":443\"; ma=2592000,h3-29=\":443\"; ma=2592000"} }
[2024-11-29 20:10:49,681]: Request { method: POST, url: Url { scheme: "https", cannot_be_a_base: false, username: "", password: None, host: Some(Domain("warpianwzlfqdq.dataplane.rudderstack.com")), port: None, path: "/v1/batch", query: None, fragment: None }, headers: {"x-warp-client-version": "v0.2024.11.19.08.02.stable_03", "x-warp-os-category": "Linux", "x-warp-os-name": "ArcoLinux", "x-warp-os-version": "rolling", "x-warp-os-linux-kernel-version": "6.12.1-arch1-1", "authorization": Sensitive, "content-type": "application/json"} }
Body {
  "batch": [
    {
      "type": "track",
      "userId": "NxE07zbVt0Uzyd82PypkYYf7nDW2",
      "anonymousId": "8bb6c42d-e6e0-4629-a148-48fff05289de",
      "event": "Open Suggestions Menu",
      "properties": {
        "payload": "HistoryUp",
        "release_mode": "stable_release",
        "tag": "v0.2024.11.19.08.02.stable_03"
      },
      "originalTimestamp": "2024-11-29T13:10:33.407967580Z",
      "context": {
        "os": {
          "category": "Linux",
          "linux_kernel_version": "6.12.1-arch1-1",
          "name": "ArcoLinux",
          "version": "rolling"
        }
      },
      "integrations": {
        "Amplitude": {
          "session_id": 1732885833
        }
      }
    }
  ],
  "context": {
    "os": {
      "category": "Linux",
      "linux_kernel_version": "6.12.1-arch1-1",
      "name": "ArcoLinux",
      "version": "rolling"
    }
  },
  "originalTimestamp": "2024-11-29T13:10:49.681257101Z"
}
[2024-11-29 20:10:51,284]: Response { url: Url { scheme: "https", cannot_be_a_base: false, username: "", password: None, host: Some(Domain("warpianwzlfqdq.dataplane.rudderstack.com")), port: None, path: "/v1/batch", query: None, fragment: None }, status: 200, headers: {"content-type": "text/plain; charset=utf-8", "date": "Fri, 29 Nov 2024 13:10:50 GMT", "server": "openresty/1.21.4.2", "vary": "Origin", "content-length": "2"} }
[2024-11-29 20:11:21,286]: Request { method: POST, url: Url { scheme: "https", cannot_be_a_base: false, username: "", password: None, host: Some(Domain("warpianwzlfqdq.dataplane.rudderstack.com")), port: None, path: "/v1/batch", query: None, fragment: None }, headers: {"x-warp-client-version": "v0.2024.11.19.08.02.stable_03", "x-warp-os-category": "Linux", "x-warp-os-name": "ArcoLinux", "x-warp-os-version": "rolling", "x-warp-os-linux-kernel-version": "6.12.1-arch1-1", "authorization": Sensitive, "content-type": "application/json"} }
Body {
  "batch": [
    {
      "type": "track",
      "userId": "NxE07zbVt0Uzyd82PypkYYf7nDW2",
      "anonymousId": "8bb6c42d-e6e0-4629-a148-48fff05289de",
      "event": "Block Creation",
      "properties": {
        "payload": {
          "block_finished_to_precmd_delay_ms": 25,
          "honor_ps1_enabled": false,
          "num_output_lines": 24,
          "num_output_lines_truncated": 0,
          "num_secrets_redacted": 0
        },
        "release_mode": "stable_release",
        "tag": "v0.2024.11.19.08.02.stable_03"
      },
      "originalTimestamp": "2024-11-29T13:10:55.980696591Z",
      "context": {
        "os": {
          "category": "Linux",
          "linux_kernel_version": "6.12.1-arch1-1",
          "name": "ArcoLinux",
          "version": "rolling"
        }
      },
      "integrations": {
        "Amplitude": {
          "session_id": 1732885833
        }
      }
    }
  ],
  "context": {
    "os": {
      "category": "Linux",
      "linux_kernel_version": "6.12.1-arch1-1",
      "name": "ArcoLinux",
      "version": "rolling"
    }
  },
  "originalTimestamp": "2024-11-29T13:11:21.286373245Z"
}
[2024-11-29 20:11:21,597]: Response { url: Url { scheme: "https", cannot_be_a_base: false, username: "", password: None, host: Some(Domain("warpianwzlfqdq.dataplane.rudderstack.com")), port: None, path: "/v1/batch", query: None, fragment: None }, status: 200, headers: {"content-type": "text/plain; charset=utf-8", "date": "Fri, 29 Nov 2024 13:11:21 GMT", "server": "openresty/1.21.4.2", "vary": "Origin", "content-length": "2"} }
[2024-11-29 20:13:21,604]: Request { method: POST, url: Url { scheme: "https", cannot_be_a_base: false, username: "", password: None, host: Some(Domain("warpianwzlfqdq.dataplane.rudderstack.com")), port: None, path: "/v1/batch", query: None, fragment: None }, headers: {"x-warp-client-version": "v0.2024.11.19.08.02.stable_03", "x-warp-os-category": "Linux", "x-warp-os-name": "ArcoLinux", "x-warp-os-version": "rolling", "x-warp-os-linux-kernel-version": "6.12.1-arch1-1", "authorization": Sensitive, "content-type": "application/json"} }
Body {
  "batch": [
    {
      "type": "track",
      "userId": "NxE07zbVt0Uzyd82PypkYYf7nDW2",
      "anonymousId": "8bb6c42d-e6e0-4629-a148-48fff05289de",
      "event": "Open Suggestions Menu",
      "properties": {
        "payload": "HistoryUp",
        "release_mode": "stable_release",
        "tag": "v0.2024.11.19.08.02.stable_03"
      },
      "originalTimestamp": "2024-11-29T13:13:01.534864247Z",
      "context": {
        "os": {
          "category": "Linux",
          "linux_kernel_version": "6.12.1-arch1-1",
          "name": "ArcoLinux",
          "version": "rolling"
        }
      },
      "integrations": {
        "Amplitude": {
          "session_id": 1732885833
        }
      }
    }
  ],
  "context": {
    "os": {
      "category": "Linux",
      "linux_kernel_version": "6.12.1-arch1-1",
      "name": "ArcoLinux",
      "version": "rolling"
    }
  },
  "originalTimestamp": "2024-11-29T13:13:21.604590943Z"
}
[2024-11-29 20:13:24,336]: Response { url: Url { scheme: "https", cannot_be_a_base: false, username: "", password: None, host: Some(Domain("warpianwzlfqdq.dataplane.rudderstack.com")), port: None, path: "/v1/batch", query: None, fragment: None }, status: 200, headers: {"content-type": "text/plain; charset=utf-8", "date": "Fri, 29 Nov 2024 13:13:23 GMT", "server": "openresty/1.21.4.2", "vary": "Origin", "content-length": "2"} }
